<?xml version="1.0" encoding="UTF-8"?>
<!-- Generated by org.testng.reporters.JUnitReportReporter -->
<testsuite skipped="0" hostname="DESKTOP-NDGTBT0" name="testScriptPack.Piku1" tests="3" failures="0" timestamp="23 Aug 2018 15:21:21 GMT" time="0.222" errors="0">
  <testcase name="testcase1" time="0.162" classname="testScriptPack.Piku1"/>
  <testcase name="testcase2" time="0.028" classname="testScriptPack.Piku1"/>
  <testcase name="testcase0" time="0.032" classname="testScriptPack.Piku1"/>
</testsuite> <!-- testScriptPack.Piku1 -->
