<?xml version="1.0" encoding="UTF-8"?>
<!-- Generated by org.testng.reporters.JUnitReportReporter -->
<testsuite skipped="0" hostname="DESKTOP-NDGTBT0" name="testScriptPack.Piku2" tests="1" failures="0" timestamp="22 Aug 2018 19:23:47 GMT" time="245.853" errors="0">
  <testcase name="main" time="245.853" classname="testScriptPack.Piku2"/>
</testsuite> <!-- testScriptPack.Piku2 -->
