<?xml version="1.0" encoding="UTF-8"?>
<!-- Generated by org.testng.reporters.JUnitReportReporter -->
<testsuite skipped="0" hostname="DESKTOP-NDGTBT0" name="testScriptPack.screenshot" tests="1" failures="0" timestamp="24 Aug 2018 09:50:48 GMT" time="75.501" errors="0">
  <testcase name="guru99Screenshot" time="75.501" classname="testScriptPack.screenshot"/>
</testsuite> <!-- testScriptPack.screenshot -->
