<?xml version="1.0" encoding="UTF-8"?>
<!-- Generated by org.testng.reporters.JUnitReportReporter -->
<testsuite skipped="0" hostname="DESKTOP-NDGTBT0" name="testScriptPack.Piku" tests="2" failures="0" timestamp="21 Aug 2018 19:23:20 GMT" time="0.201" errors="0">
  <testcase name="testCase1" time="0.136" classname="testScriptPack.Piku"/>
  <testcase name="testCase2" time="0.065" classname="testScriptPack.Piku"/>
</testsuite> <!-- testScriptPack.Piku -->
